Analysis & Synthesis report for LUT_toplevel
Fri Oct 30 20:29:41 2015
Quartus II 64-Bit Version 13.0.1 Build 232 06/12/2013 Service Pack 1 SJ Web Edition


---------------------
; Table of Contents ;
---------------------
  1. Legal Notice
  2. Analysis & Synthesis Summary
  3. Analysis & Synthesis Settings
  4. Parallel Compilation
  5. Analysis & Synthesis Source Files Read
  6. Analysis & Synthesis Resource Usage Summary
  7. Analysis & Synthesis Resource Utilization by Entity
  8. Analysis & Synthesis RAM Summary
  9. Registers Removed During Synthesis
 10. General Register Statistics
 11. Registers Packed Into Inferred Megafunctions
 12. Multiplexer Restructuring Statistics (Restructuring Performed)
 13. Source assignments for LUT:LUT_y2|altsyncram:WideOr6_rtl_0|altsyncram_2i01:auto_generated
 14. Source assignments for LUT:LUT_y1|altsyncram:WideOr6_rtl_0|altsyncram_3i01:auto_generated
 15. Source assignments for LUT:LUT_x2|altsyncram:WideOr6_rtl_0|altsyncram_4i01:auto_generated
 16. Source assignments for LUT:LUT_x1|altsyncram:WideOr6_rtl_0|altsyncram_5i01:auto_generated
 17. Parameter Settings for User Entity Instance: LUT:LUT_x1
 18. Parameter Settings for User Entity Instance: LUT:LUT_x2
 19. Parameter Settings for User Entity Instance: LUT:LUT_y1
 20. Parameter Settings for User Entity Instance: LUT:LUT_y2
 21. Parameter Settings for Inferred Entity Instance: LUT:LUT_y2|altsyncram:WideOr6_rtl_0
 22. Parameter Settings for Inferred Entity Instance: LUT:LUT_y1|altsyncram:WideOr6_rtl_0
 23. Parameter Settings for Inferred Entity Instance: LUT:LUT_x2|altsyncram:WideOr6_rtl_0
 24. Parameter Settings for Inferred Entity Instance: LUT:LUT_x1|altsyncram:WideOr6_rtl_0
 25. altsyncram Parameter Settings by Entity Instance
 26. Elapsed Time Per Partition
 27. Analysis & Synthesis Messages



----------------
; Legal Notice ;
----------------
Copyright (C) 1991-2013 Altera Corporation
Your use of Altera Corporation's design tools, logic functions 
and other software and tools, and its AMPP partner logic 
functions, and any output files from any of the foregoing 
(including device programming or simulation files), and any 
associated documentation or information are expressly subject 
to the terms and conditions of the Altera Program License 
Subscription Agreement, Altera MegaCore Function License 
Agreement, or other applicable license agreement, including, 
without limitation, that your use is for the sole purpose of 
programming logic devices manufactured by Altera and sold by 
Altera or its authorized distributors.  Please refer to the 
applicable agreement for further details.



+--------------------------------------------------------------------------------------+
; Analysis & Synthesis Summary                                                         ;
+------------------------------------+-------------------------------------------------+
; Analysis & Synthesis Status        ; Successful - Fri Oct 30 20:29:41 2015           ;
; Quartus II 64-Bit Version          ; 13.0.1 Build 232 06/12/2013 SP 1 SJ Web Edition ;
; Revision Name                      ; LUT_toplevel                                    ;
; Top-level Entity Name              ; LUT_toplevel                                    ;
; Family                             ; Cyclone II                                      ;
; Total logic elements               ; 151                                             ;
;     Total combinational functions  ; 119                                             ;
;     Dedicated logic registers      ; 32                                              ;
; Total registers                    ; 32                                              ;
; Total pins                         ; 42                                              ;
; Total virtual pins                 ; 0                                               ;
; Total memory bits                  ; 7,168                                           ;
; Embedded Multiplier 9-bit elements ; 0                                               ;
; Total PLLs                         ; 0                                               ;
+------------------------------------+-------------------------------------------------+


+----------------------------------------------------------------------------------------------------------------------+
; Analysis & Synthesis Settings                                                                                        ;
+----------------------------------------------------------------------------+--------------------+--------------------+
; Option                                                                     ; Setting            ; Default Value      ;
+----------------------------------------------------------------------------+--------------------+--------------------+
; Device                                                                     ; EP2C20F484C7       ;                    ;
; Top-level entity name                                                      ; LUT_toplevel       ; LUT_toplevel       ;
; Family name                                                                ; Cyclone II         ; Cyclone IV GX      ;
; Use smart compilation                                                      ; Off                ; Off                ;
; Enable parallel Assembler and TimeQuest Timing Analyzer during compilation ; On                 ; On                 ;
; Enable compact report table                                                ; Off                ; Off                ;
; Restructure Multiplexers                                                   ; Auto               ; Auto               ;
; Create Debugging Nodes for IP Cores                                        ; Off                ; Off                ;
; Preserve fewer node names                                                  ; On                 ; On                 ;
; Disable OpenCore Plus hardware evaluation                                  ; Off                ; Off                ;
; Verilog Version                                                            ; Verilog_2001       ; Verilog_2001       ;
; VHDL Version                                                               ; VHDL_1993          ; VHDL_1993          ;
; State Machine Processing                                                   ; Auto               ; Auto               ;
; Safe State Machine                                                         ; Off                ; Off                ;
; Extract Verilog State Machines                                             ; On                 ; On                 ;
; Extract VHDL State Machines                                                ; On                 ; On                 ;
; Ignore Verilog initial constructs                                          ; Off                ; Off                ;
; Iteration limit for constant Verilog loops                                 ; 5000               ; 5000               ;
; Iteration limit for non-constant Verilog loops                             ; 250                ; 250                ;
; Add Pass-Through Logic to Inferred RAMs                                    ; On                 ; On                 ;
; Infer RAMs from Raw Logic                                                  ; On                 ; On                 ;
; Parallel Synthesis                                                         ; On                 ; On                 ;
; DSP Block Balancing                                                        ; Auto               ; Auto               ;
; NOT Gate Push-Back                                                         ; On                 ; On                 ;
; Power-Up Don't Care                                                        ; On                 ; On                 ;
; Remove Redundant Logic Cells                                               ; Off                ; Off                ;
; Remove Duplicate Registers                                                 ; On                 ; On                 ;
; Ignore CARRY Buffers                                                       ; Off                ; Off                ;
; Ignore CASCADE Buffers                                                     ; Off                ; Off                ;
; Ignore GLOBAL Buffers                                                      ; Off                ; Off                ;
; Ignore ROW GLOBAL Buffers                                                  ; Off                ; Off                ;
; Ignore LCELL Buffers                                                       ; Off                ; Off                ;
; Ignore SOFT Buffers                                                        ; On                 ; On                 ;
; Limit AHDL Integers to 32 Bits                                             ; Off                ; Off                ;
; Optimization Technique                                                     ; Balanced           ; Balanced           ;
; Carry Chain Length                                                         ; 70                 ; 70                 ;
; Auto Carry Chains                                                          ; On                 ; On                 ;
; Auto Open-Drain Pins                                                       ; On                 ; On                 ;
; Perform WYSIWYG Primitive Resynthesis                                      ; Off                ; Off                ;
; Auto ROM Replacement                                                       ; On                 ; On                 ;
; Auto RAM Replacement                                                       ; On                 ; On                 ;
; Auto Shift Register Replacement                                            ; Auto               ; Auto               ;
; Allow Shift Register Merging across Hierarchies                            ; Auto               ; Auto               ;
; Auto Clock Enable Replacement                                              ; On                 ; On                 ;
; Strict RAM Replacement                                                     ; Off                ; Off                ;
; Allow Synchronous Control Signals                                          ; On                 ; On                 ;
; Force Use of Synchronous Clear Signals                                     ; Off                ; Off                ;
; Auto RAM to Logic Cell Conversion                                          ; Off                ; Off                ;
; Auto Resource Sharing                                                      ; Off                ; Off                ;
; Allow Any RAM Size For Recognition                                         ; Off                ; Off                ;
; Allow Any ROM Size For Recognition                                         ; Off                ; Off                ;
; Allow Any Shift Register Size For Recognition                              ; Off                ; Off                ;
; Use LogicLock Constraints during Resource Balancing                        ; On                 ; On                 ;
; Ignore translate_off and synthesis_off directives                          ; Off                ; Off                ;
; Timing-Driven Synthesis                                                    ; Off                ; Off                ;
; Report Parameter Settings                                                  ; On                 ; On                 ;
; Report Source Assignments                                                  ; On                 ; On                 ;
; Report Connectivity Checks                                                 ; On                 ; On                 ;
; Ignore Maximum Fan-Out Assignments                                         ; Off                ; Off                ;
; Synchronization Register Chain Length                                      ; 2                  ; 2                  ;
; PowerPlay Power Optimization                                               ; Normal compilation ; Normal compilation ;
; HDL message level                                                          ; Level2             ; Level2             ;
; Suppress Register Optimization Related Messages                            ; Off                ; Off                ;
; Number of Removed Registers Reported in Synthesis Report                   ; 5000               ; 5000               ;
; Number of Swept Nodes Reported in Synthesis Report                         ; 5000               ; 5000               ;
; Number of Inverted Registers Reported in Synthesis Report                  ; 100                ; 100                ;
; Clock MUX Protection                                                       ; On                 ; On                 ;
; Auto Gated Clock Conversion                                                ; Off                ; Off                ;
; Block Design Naming                                                        ; Auto               ; Auto               ;
; SDC constraint protection                                                  ; Off                ; Off                ;
; Synthesis Effort                                                           ; Auto               ; Auto               ;
; Shift Register Replacement - Allow Asynchronous Clear Signal               ; On                 ; On                 ;
; Pre-Mapping Resynthesis Optimization                                       ; Off                ; Off                ;
; Analysis & Synthesis Message Level                                         ; Medium             ; Medium             ;
; Disable Register Merging Across Hierarchies                                ; Auto               ; Auto               ;
; Resource Aware Inference For Block RAM                                     ; On                 ; On                 ;
; Synthesis Seed                                                             ; 1                  ; 1                  ;
+----------------------------------------------------------------------------+--------------------+--------------------+


Parallel compilation was disabled, but you have multiple processors available. Enable parallel compilation to reduce compilation time.
+-------------------------------------+
; Parallel Compilation                ;
+----------------------------+--------+
; Processors                 ; Number ;
+----------------------------+--------+
; Number detected on machine ; 4      ;
; Maximum allowed            ; 1      ;
+----------------------------+--------+


+-------------------------------------------------------------------------------------------------------------------------------------------------------------------------------------------------------+
; Analysis & Synthesis Source Files Read                                                                                                                                                                ;
+------------------------------------+-----------------+-------------------------------------------------------+------------------------------------------------------------------------------+---------+
; File Name with User-Entered Path   ; Used in Netlist ; File Type                                             ; File Name with Absolute Path                                                 ; Library ;
+------------------------------------+-----------------+-------------------------------------------------------+------------------------------------------------------------------------------+---------+
; LUT_toplevel.v                     ; yes             ; User Verilog HDL File                                 ; D:/Documents/GitHub/ieeeedc-timHAF/LUT/LUT_toplevel.v                        ;         ;
; LUT.v                              ; yes             ; User Verilog HDL File                                 ; D:/Documents/GitHub/ieeeedc-timHAF/LUT/LUT.v                                 ;         ;
; altsyncram.tdf                     ; yes             ; Megafunction                                          ; c:/altera/13.0sp1/quartus/libraries/megafunctions/altsyncram.tdf             ;         ;
; stratix_ram_block.inc              ; yes             ; Megafunction                                          ; c:/altera/13.0sp1/quartus/libraries/megafunctions/stratix_ram_block.inc      ;         ;
; lpm_mux.inc                        ; yes             ; Megafunction                                          ; c:/altera/13.0sp1/quartus/libraries/megafunctions/lpm_mux.inc                ;         ;
; lpm_decode.inc                     ; yes             ; Megafunction                                          ; c:/altera/13.0sp1/quartus/libraries/megafunctions/lpm_decode.inc             ;         ;
; aglobal130.inc                     ; yes             ; Megafunction                                          ; c:/altera/13.0sp1/quartus/libraries/megafunctions/aglobal130.inc             ;         ;
; a_rdenreg.inc                      ; yes             ; Megafunction                                          ; c:/altera/13.0sp1/quartus/libraries/megafunctions/a_rdenreg.inc              ;         ;
; altrom.inc                         ; yes             ; Megafunction                                          ; c:/altera/13.0sp1/quartus/libraries/megafunctions/altrom.inc                 ;         ;
; altram.inc                         ; yes             ; Megafunction                                          ; c:/altera/13.0sp1/quartus/libraries/megafunctions/altram.inc                 ;         ;
; altdpram.inc                       ; yes             ; Megafunction                                          ; c:/altera/13.0sp1/quartus/libraries/megafunctions/altdpram.inc               ;         ;
; db/altsyncram_2i01.tdf             ; yes             ; Auto-Generated Megafunction                           ; D:/Documents/GitHub/ieeeedc-timHAF/LUT/db/altsyncram_2i01.tdf                ;         ;
; LUT_toplevel.LUT_toplevel0.rtl.mif ; yes             ; Auto-Generated Auto-Found Memory Initialization File  ; D:/Documents/GitHub/ieeeedc-timHAF/LUT/db/LUT_toplevel.LUT_toplevel0.rtl.mif ;         ;
; db/altsyncram_3i01.tdf             ; yes             ; Auto-Generated Megafunction                           ; D:/Documents/GitHub/ieeeedc-timHAF/LUT/db/altsyncram_3i01.tdf                ;         ;
; LUT_toplevel.LUT_toplevel1.rtl.mif ; yes             ; Auto-Generated Auto-Found Memory Initialization File  ; D:/Documents/GitHub/ieeeedc-timHAF/LUT/db/LUT_toplevel.LUT_toplevel1.rtl.mif ;         ;
; db/altsyncram_4i01.tdf             ; yes             ; Auto-Generated Megafunction                           ; D:/Documents/GitHub/ieeeedc-timHAF/LUT/db/altsyncram_4i01.tdf                ;         ;
; LUT_toplevel.LUT_toplevel2.rtl.mif ; yes             ; Auto-Generated Auto-Found Memory Initialization File  ; D:/Documents/GitHub/ieeeedc-timHAF/LUT/db/LUT_toplevel.LUT_toplevel2.rtl.mif ;         ;
; db/altsyncram_5i01.tdf             ; yes             ; Auto-Generated Megafunction                           ; D:/Documents/GitHub/ieeeedc-timHAF/LUT/db/altsyncram_5i01.tdf                ;         ;
; LUT_toplevel.LUT_toplevel3.rtl.mif ; yes             ; Auto-Generated Auto-Found Memory Initialization File  ; D:/Documents/GitHub/ieeeedc-timHAF/LUT/db/LUT_toplevel.LUT_toplevel3.rtl.mif ;         ;
+------------------------------------+-----------------+-------------------------------------------------------+------------------------------------------------------------------------------+---------+


+-----------------------------------------------------+
; Analysis & Synthesis Resource Usage Summary         ;
+---------------------------------------------+-------+
; Resource                                    ; Usage ;
+---------------------------------------------+-------+
; Estimated Total logic elements              ; 151   ;
;                                             ;       ;
; Total combinational functions               ; 119   ;
; Logic element usage by number of LUT inputs ;       ;
;     -- 4 input functions                    ; 58    ;
;     -- 3 input functions                    ; 4     ;
;     -- <=2 input functions                  ; 57    ;
;                                             ;       ;
; Logic elements by mode                      ;       ;
;     -- normal mode                          ; 70    ;
;     -- arithmetic mode                      ; 49    ;
;                                             ;       ;
; Total registers                             ; 32    ;
;     -- Dedicated logic registers            ; 32    ;
;     -- I/O registers                        ; 0     ;
;                                             ;       ;
; I/O pins                                    ; 42    ;
; Total memory bits                           ; 7168  ;
; Embedded Multiplier 9-bit elements          ; 0     ;
; Maximum fan-out node                        ; clock ;
; Maximum fan-out                             ; 60    ;
; Total fan-out                               ; 665   ;
; Average fan-out                             ; 3.01  ;
+---------------------------------------------+-------+


+---------------------------------------------------------------------------------------------------------------------------------------------------------------------------------------------------------------------------------------------------------+
; Analysis & Synthesis Resource Utilization by Entity                                                                                                                                                                                                     ;
+-------------------------------------------+-------------------+--------------+-------------+--------------+---------+-----------+------+--------------+----------------------------------------------------------------------------------+--------------+
; Compilation Hierarchy Node                ; LC Combinationals ; LC Registers ; Memory Bits ; DSP Elements ; DSP 9x9 ; DSP 18x18 ; Pins ; Virtual Pins ; Full Hierarchy Name                                                              ; Library Name ;
+-------------------------------------------+-------------------+--------------+-------------+--------------+---------+-----------+------+--------------+----------------------------------------------------------------------------------+--------------+
; |LUT_toplevel                             ; 119 (119)         ; 32 (0)       ; 7168        ; 0            ; 0       ; 0         ; 42   ; 0            ; |LUT_toplevel                                                                    ; work         ;
;    |LUT:LUT_x1|                           ; 0 (0)             ; 8 (8)        ; 1792        ; 0            ; 0       ; 0         ; 0    ; 0            ; |LUT_toplevel|LUT:LUT_x1                                                         ; work         ;
;       |altsyncram:WideOr6_rtl_0|          ; 0 (0)             ; 0 (0)        ; 1792        ; 0            ; 0       ; 0         ; 0    ; 0            ; |LUT_toplevel|LUT:LUT_x1|altsyncram:WideOr6_rtl_0                                ; work         ;
;          |altsyncram_5i01:auto_generated| ; 0 (0)             ; 0 (0)        ; 1792        ; 0            ; 0       ; 0         ; 0    ; 0            ; |LUT_toplevel|LUT:LUT_x1|altsyncram:WideOr6_rtl_0|altsyncram_5i01:auto_generated ; work         ;
;    |LUT:LUT_x2|                           ; 0 (0)             ; 8 (8)        ; 1792        ; 0            ; 0       ; 0         ; 0    ; 0            ; |LUT_toplevel|LUT:LUT_x2                                                         ; work         ;
;       |altsyncram:WideOr6_rtl_0|          ; 0 (0)             ; 0 (0)        ; 1792        ; 0            ; 0       ; 0         ; 0    ; 0            ; |LUT_toplevel|LUT:LUT_x2|altsyncram:WideOr6_rtl_0                                ; work         ;
;          |altsyncram_4i01:auto_generated| ; 0 (0)             ; 0 (0)        ; 1792        ; 0            ; 0       ; 0         ; 0    ; 0            ; |LUT_toplevel|LUT:LUT_x2|altsyncram:WideOr6_rtl_0|altsyncram_4i01:auto_generated ; work         ;
;    |LUT:LUT_y1|                           ; 0 (0)             ; 8 (8)        ; 1792        ; 0            ; 0       ; 0         ; 0    ; 0            ; |LUT_toplevel|LUT:LUT_y1                                                         ; work         ;
;       |altsyncram:WideOr6_rtl_0|          ; 0 (0)             ; 0 (0)        ; 1792        ; 0            ; 0       ; 0         ; 0    ; 0            ; |LUT_toplevel|LUT:LUT_y1|altsyncram:WideOr6_rtl_0                                ; work         ;
;          |altsyncram_3i01:auto_generated| ; 0 (0)             ; 0 (0)        ; 1792        ; 0            ; 0       ; 0         ; 0    ; 0            ; |LUT_toplevel|LUT:LUT_y1|altsyncram:WideOr6_rtl_0|altsyncram_3i01:auto_generated ; work         ;
;    |LUT:LUT_y2|                           ; 0 (0)             ; 8 (8)        ; 1792        ; 0            ; 0       ; 0         ; 0    ; 0            ; |LUT_toplevel|LUT:LUT_y2                                                         ; work         ;
;       |altsyncram:WideOr6_rtl_0|          ; 0 (0)             ; 0 (0)        ; 1792        ; 0            ; 0       ; 0         ; 0    ; 0            ; |LUT_toplevel|LUT:LUT_y2|altsyncram:WideOr6_rtl_0                                ; work         ;
;          |altsyncram_2i01:auto_generated| ; 0 (0)             ; 0 (0)        ; 1792        ; 0            ; 0       ; 0         ; 0    ; 0            ; |LUT_toplevel|LUT:LUT_y2|altsyncram:WideOr6_rtl_0|altsyncram_2i01:auto_generated ; work         ;
+-------------------------------------------+-------------------+--------------+-------------+--------------+---------+-----------+------+--------------+----------------------------------------------------------------------------------+--------------+
Note: For table entries with two numbers listed, the numbers in parentheses indicate the number of resources of the given type used by the specific entity alone. The numbers listed outside of parentheses indicate the total resources of the given type used by the specific entity and all of its sub-entities in the hierarchy.


+-----------------------------------------------------------------------------------------------------------------------------------------------------------------------------------------------------+
; Analysis & Synthesis RAM Summary                                                                                                                                                                    ;
+-------------------------------------------------------------------------------+------+------+--------------+--------------+--------------+--------------+------+------------------------------------+
; Name                                                                          ; Type ; Mode ; Port A Depth ; Port A Width ; Port B Depth ; Port B Width ; Size ; MIF                                ;
+-------------------------------------------------------------------------------+------+------+--------------+--------------+--------------+--------------+------+------------------------------------+
; LUT:LUT_x1|altsyncram:WideOr6_rtl_0|altsyncram_5i01:auto_generated|ALTSYNCRAM ; AUTO ; ROM  ; 256          ; 7            ; --           ; --           ; 1792 ; LUT_toplevel.LUT_toplevel3.rtl.mif ;
; LUT:LUT_x2|altsyncram:WideOr6_rtl_0|altsyncram_4i01:auto_generated|ALTSYNCRAM ; AUTO ; ROM  ; 256          ; 7            ; --           ; --           ; 1792 ; LUT_toplevel.LUT_toplevel2.rtl.mif ;
; LUT:LUT_y1|altsyncram:WideOr6_rtl_0|altsyncram_3i01:auto_generated|ALTSYNCRAM ; AUTO ; ROM  ; 256          ; 7            ; --           ; --           ; 1792 ; LUT_toplevel.LUT_toplevel1.rtl.mif ;
; LUT:LUT_y2|altsyncram:WideOr6_rtl_0|altsyncram_2i01:auto_generated|ALTSYNCRAM ; AUTO ; ROM  ; 256          ; 7            ; --           ; --           ; 1792 ; LUT_toplevel.LUT_toplevel0.rtl.mif ;
+-------------------------------------------------------------------------------+------+------+--------------+--------------+--------------+--------------+------+------------------------------------+


+--------------------------------------------------------------------------------+
; Registers Removed During Synthesis                                             ;
+---------------------------------------+----------------------------------------+
; Register name                         ; Reason for Removal                     ;
+---------------------------------------+----------------------------------------+
; thetaout_y2[7]                        ; Stuck at GND due to stuck port data_in ;
; thetaout_y1[7]                        ; Stuck at GND due to stuck port data_in ;
; thetaout_x2[7]                        ; Stuck at GND due to stuck port data_in ;
; thetaout_x1[7]                        ; Stuck at GND due to stuck port data_in ;
; Total Number of Removed Registers = 4 ;                                        ;
+---------------------------------------+----------------------------------------+


+------------------------------------------------------+
; General Register Statistics                          ;
+----------------------------------------------+-------+
; Statistic                                    ; Value ;
+----------------------------------------------+-------+
; Total registers                              ; 32    ;
; Number of registers using Synchronous Clear  ; 0     ;
; Number of registers using Synchronous Load   ; 0     ;
; Number of registers using Asynchronous Clear ; 0     ;
; Number of registers using Asynchronous Load  ; 0     ;
; Number of registers using Clock Enable       ; 0     ;
; Number of registers using Preset             ; 0     ;
+----------------------------------------------+-------+


+-----------------------------------------------------+
; Registers Packed Into Inferred Megafunctions        ;
+-------------------+--------------------------+------+
; Register Name     ; Megafunction             ; Type ;
+-------------------+--------------------------+------+
; thetaout_y2[0..6] ; LUT:LUT_y2|WideOr6_rtl_0 ; ROM  ;
; thetaout_y1[0..6] ; LUT:LUT_y1|WideOr6_rtl_0 ; ROM  ;
; thetaout_x2[0..6] ; LUT:LUT_x2|WideOr6_rtl_0 ; ROM  ;
; thetaout_x1[0..6] ; LUT:LUT_x1|WideOr6_rtl_0 ; ROM  ;
+-------------------+--------------------------+------+


+------------------------------------------------------------------------------------------------------------------------------------------+
; Multiplexer Restructuring Statistics (Restructuring Performed)                                                                           ;
+--------------------+-----------+---------------+----------------------+------------------------+------------+----------------------------+
; Multiplexer Inputs ; Bus Width ; Baseline Area ; Area if Restructured ; Saving if Restructured ; Registered ; Example Multiplexer Output ;
+--------------------+-----------+---------------+----------------------+------------------------+------------+----------------------------+
; 9:1                ; 7 bits    ; 42 LEs        ; 35 LEs               ; 7 LEs                  ; No         ; |LUT_toplevel|theta        ;
+--------------------+-----------+---------------+----------------------+------------------------+------------+----------------------------+


+-------------------------------------------------------------------------------------------+
; Source assignments for LUT:LUT_y2|altsyncram:WideOr6_rtl_0|altsyncram_2i01:auto_generated ;
+---------------------------------+--------------------+------+-----------------------------+
; Assignment                      ; Value              ; From ; To                          ;
+---------------------------------+--------------------+------+-----------------------------+
; OPTIMIZE_POWER_DURING_SYNTHESIS ; NORMAL_COMPILATION ; -    ; -                           ;
+---------------------------------+--------------------+------+-----------------------------+


+-------------------------------------------------------------------------------------------+
; Source assignments for LUT:LUT_y1|altsyncram:WideOr6_rtl_0|altsyncram_3i01:auto_generated ;
+---------------------------------+--------------------+------+-----------------------------+
; Assignment                      ; Value              ; From ; To                          ;
+---------------------------------+--------------------+------+-----------------------------+
; OPTIMIZE_POWER_DURING_SYNTHESIS ; NORMAL_COMPILATION ; -    ; -                           ;
+---------------------------------+--------------------+------+-----------------------------+


+-------------------------------------------------------------------------------------------+
; Source assignments for LUT:LUT_x2|altsyncram:WideOr6_rtl_0|altsyncram_4i01:auto_generated ;
+---------------------------------+--------------------+------+-----------------------------+
; Assignment                      ; Value              ; From ; To                          ;
+---------------------------------+--------------------+------+-----------------------------+
; OPTIMIZE_POWER_DURING_SYNTHESIS ; NORMAL_COMPILATION ; -    ; -                           ;
+---------------------------------+--------------------+------+-----------------------------+


+-------------------------------------------------------------------------------------------+
; Source assignments for LUT:LUT_x1|altsyncram:WideOr6_rtl_0|altsyncram_5i01:auto_generated ;
+---------------------------------+--------------------+------+-----------------------------+
; Assignment                      ; Value              ; From ; To                          ;
+---------------------------------+--------------------+------+-----------------------------+
; OPTIMIZE_POWER_DURING_SYNTHESIS ; NORMAL_COMPILATION ; -    ; -                           ;
+---------------------------------+--------------------+------+-----------------------------+


+---------------------------------------------------------+
; Parameter Settings for User Entity Instance: LUT:LUT_x1 ;
+----------------+-------+--------------------------------+
; Parameter Name ; Value ; Type                           ;
+----------------+-------+--------------------------------+
; n              ; 87    ; Signed Integer                 ;
+----------------+-------+--------------------------------+
Note: In order to hide this table in the UI and the text report file, please set the "Show Parameter Settings in Synthesis Report" option in "Analysis and Synthesis Settings -> More Settings" to "Off".


+---------------------------------------------------------+
; Parameter Settings for User Entity Instance: LUT:LUT_x2 ;
+----------------+-------+--------------------------------+
; Parameter Name ; Value ; Type                           ;
+----------------+-------+--------------------------------+
; n              ; 87    ; Signed Integer                 ;
+----------------+-------+--------------------------------+
Note: In order to hide this table in the UI and the text report file, please set the "Show Parameter Settings in Synthesis Report" option in "Analysis and Synthesis Settings -> More Settings" to "Off".


+---------------------------------------------------------+
; Parameter Settings for User Entity Instance: LUT:LUT_y1 ;
+----------------+-------+--------------------------------+
; Parameter Name ; Value ; Type                           ;
+----------------+-------+--------------------------------+
; n              ; 87    ; Signed Integer                 ;
+----------------+-------+--------------------------------+
Note: In order to hide this table in the UI and the text report file, please set the "Show Parameter Settings in Synthesis Report" option in "Analysis and Synthesis Settings -> More Settings" to "Off".


+---------------------------------------------------------+
; Parameter Settings for User Entity Instance: LUT:LUT_y2 ;
+----------------+-------+--------------------------------+
; Parameter Name ; Value ; Type                           ;
+----------------+-------+--------------------------------+
; n              ; 87    ; Signed Integer                 ;
+----------------+-------+--------------------------------+
Note: In order to hide this table in the UI and the text report file, please set the "Show Parameter Settings in Synthesis Report" option in "Analysis and Synthesis Settings -> More Settings" to "Off".


+------------------------------------------------------------------------------------------+
; Parameter Settings for Inferred Entity Instance: LUT:LUT_y2|altsyncram:WideOr6_rtl_0     ;
+------------------------------------+------------------------------------+----------------+
; Parameter Name                     ; Value                              ; Type           ;
+------------------------------------+------------------------------------+----------------+
; BYTE_SIZE_BLOCK                    ; 8                                  ; Untyped        ;
; AUTO_CARRY_CHAINS                  ; ON                                 ; AUTO_CARRY     ;
; IGNORE_CARRY_BUFFERS               ; OFF                                ; IGNORE_CARRY   ;
; AUTO_CASCADE_CHAINS                ; ON                                 ; AUTO_CASCADE   ;
; IGNORE_CASCADE_BUFFERS             ; OFF                                ; IGNORE_CASCADE ;
; WIDTH_BYTEENA                      ; 1                                  ; Untyped        ;
; OPERATION_MODE                     ; ROM                                ; Untyped        ;
; WIDTH_A                            ; 7                                  ; Untyped        ;
; WIDTHAD_A                          ; 8                                  ; Untyped        ;
; NUMWORDS_A                         ; 256                                ; Untyped        ;
; OUTDATA_REG_A                      ; UNREGISTERED                       ; Untyped        ;
; ADDRESS_ACLR_A                     ; NONE                               ; Untyped        ;
; OUTDATA_ACLR_A                     ; NONE                               ; Untyped        ;
; WRCONTROL_ACLR_A                   ; NONE                               ; Untyped        ;
; INDATA_ACLR_A                      ; NONE                               ; Untyped        ;
; BYTEENA_ACLR_A                     ; NONE                               ; Untyped        ;
; WIDTH_B                            ; 1                                  ; Untyped        ;
; WIDTHAD_B                          ; 1                                  ; Untyped        ;
; NUMWORDS_B                         ; 1                                  ; Untyped        ;
; INDATA_REG_B                       ; CLOCK1                             ; Untyped        ;
; WRCONTROL_WRADDRESS_REG_B          ; CLOCK1                             ; Untyped        ;
; RDCONTROL_REG_B                    ; CLOCK1                             ; Untyped        ;
; ADDRESS_REG_B                      ; CLOCK1                             ; Untyped        ;
; OUTDATA_REG_B                      ; UNREGISTERED                       ; Untyped        ;
; BYTEENA_REG_B                      ; CLOCK1                             ; Untyped        ;
; INDATA_ACLR_B                      ; NONE                               ; Untyped        ;
; WRCONTROL_ACLR_B                   ; NONE                               ; Untyped        ;
; ADDRESS_ACLR_B                     ; NONE                               ; Untyped        ;
; OUTDATA_ACLR_B                     ; NONE                               ; Untyped        ;
; RDCONTROL_ACLR_B                   ; NONE                               ; Untyped        ;
; BYTEENA_ACLR_B                     ; NONE                               ; Untyped        ;
; WIDTH_BYTEENA_A                    ; 1                                  ; Untyped        ;
; WIDTH_BYTEENA_B                    ; 1                                  ; Untyped        ;
; RAM_BLOCK_TYPE                     ; AUTO                               ; Untyped        ;
; BYTE_SIZE                          ; 8                                  ; Untyped        ;
; READ_DURING_WRITE_MODE_MIXED_PORTS ; DONT_CARE                          ; Untyped        ;
; READ_DURING_WRITE_MODE_PORT_A      ; NEW_DATA_NO_NBE_READ               ; Untyped        ;
; READ_DURING_WRITE_MODE_PORT_B      ; NEW_DATA_NO_NBE_READ               ; Untyped        ;
; INIT_FILE                          ; LUT_toplevel.LUT_toplevel0.rtl.mif ; Untyped        ;
; INIT_FILE_LAYOUT                   ; PORT_A                             ; Untyped        ;
; MAXIMUM_DEPTH                      ; 0                                  ; Untyped        ;
; CLOCK_ENABLE_INPUT_A               ; NORMAL                             ; Untyped        ;
; CLOCK_ENABLE_INPUT_B               ; NORMAL                             ; Untyped        ;
; CLOCK_ENABLE_OUTPUT_A              ; NORMAL                             ; Untyped        ;
; CLOCK_ENABLE_OUTPUT_B              ; NORMAL                             ; Untyped        ;
; CLOCK_ENABLE_CORE_A                ; USE_INPUT_CLKEN                    ; Untyped        ;
; CLOCK_ENABLE_CORE_B                ; USE_INPUT_CLKEN                    ; Untyped        ;
; ENABLE_ECC                         ; FALSE                              ; Untyped        ;
; ECC_PIPELINE_STAGE_ENABLED         ; FALSE                              ; Untyped        ;
; WIDTH_ECCSTATUS                    ; 3                                  ; Untyped        ;
; DEVICE_FAMILY                      ; Cyclone II                         ; Untyped        ;
; CBXI_PARAMETER                     ; altsyncram_2i01                    ; Untyped        ;
+------------------------------------+------------------------------------+----------------+
Note: In order to hide this table in the UI and the text report file, please set the "Show Parameter Settings in Synthesis Report" option in "Analysis and Synthesis Settings -> More Settings" to "Off".


+------------------------------------------------------------------------------------------+
; Parameter Settings for Inferred Entity Instance: LUT:LUT_y1|altsyncram:WideOr6_rtl_0     ;
+------------------------------------+------------------------------------+----------------+
; Parameter Name                     ; Value                              ; Type           ;
+------------------------------------+------------------------------------+----------------+
; BYTE_SIZE_BLOCK                    ; 8                                  ; Untyped        ;
; AUTO_CARRY_CHAINS                  ; ON                                 ; AUTO_CARRY     ;
; IGNORE_CARRY_BUFFERS               ; OFF                                ; IGNORE_CARRY   ;
; AUTO_CASCADE_CHAINS                ; ON                                 ; AUTO_CASCADE   ;
; IGNORE_CASCADE_BUFFERS             ; OFF                                ; IGNORE_CASCADE ;
; WIDTH_BYTEENA                      ; 1                                  ; Untyped        ;
; OPERATION_MODE                     ; ROM                                ; Untyped        ;
; WIDTH_A                            ; 7                                  ; Untyped        ;
; WIDTHAD_A                          ; 8                                  ; Untyped        ;
; NUMWORDS_A                         ; 256                                ; Untyped        ;
; OUTDATA_REG_A                      ; UNREGISTERED                       ; Untyped        ;
; ADDRESS_ACLR_A                     ; NONE                               ; Untyped        ;
; OUTDATA_ACLR_A                     ; NONE                               ; Untyped        ;
; WRCONTROL_ACLR_A                   ; NONE                               ; Untyped        ;
; INDATA_ACLR_A                      ; NONE                               ; Untyped        ;
; BYTEENA_ACLR_A                     ; NONE                               ; Untyped        ;
; WIDTH_B                            ; 1                                  ; Untyped        ;
; WIDTHAD_B                          ; 1                                  ; Untyped        ;
; NUMWORDS_B                         ; 1                                  ; Untyped        ;
; INDATA_REG_B                       ; CLOCK1                             ; Untyped        ;
; WRCONTROL_WRADDRESS_REG_B          ; CLOCK1                             ; Untyped        ;
; RDCONTROL_REG_B                    ; CLOCK1                             ; Untyped        ;
; ADDRESS_REG_B                      ; CLOCK1                             ; Untyped        ;
; OUTDATA_REG_B                      ; UNREGISTERED                       ; Untyped        ;
; BYTEENA_REG_B                      ; CLOCK1                             ; Untyped        ;
; INDATA_ACLR_B                      ; NONE                               ; Untyped        ;
; WRCONTROL_ACLR_B                   ; NONE                               ; Untyped        ;
; ADDRESS_ACLR_B                     ; NONE                               ; Untyped        ;
; OUTDATA_ACLR_B                     ; NONE                               ; Untyped        ;
; RDCONTROL_ACLR_B                   ; NONE                               ; Untyped        ;
; BYTEENA_ACLR_B                     ; NONE                               ; Untyped        ;
; WIDTH_BYTEENA_A                    ; 1                                  ; Untyped        ;
; WIDTH_BYTEENA_B                    ; 1                                  ; Untyped        ;
; RAM_BLOCK_TYPE                     ; AUTO                               ; Untyped        ;
; BYTE_SIZE                          ; 8                                  ; Untyped        ;
; READ_DURING_WRITE_MODE_MIXED_PORTS ; DONT_CARE                          ; Untyped        ;
; READ_DURING_WRITE_MODE_PORT_A      ; NEW_DATA_NO_NBE_READ               ; Untyped        ;
; READ_DURING_WRITE_MODE_PORT_B      ; NEW_DATA_NO_NBE_READ               ; Untyped        ;
; INIT_FILE                          ; LUT_toplevel.LUT_toplevel1.rtl.mif ; Untyped        ;
; INIT_FILE_LAYOUT                   ; PORT_A                             ; Untyped        ;
; MAXIMUM_DEPTH                      ; 0                                  ; Untyped        ;
; CLOCK_ENABLE_INPUT_A               ; NORMAL                             ; Untyped        ;
; CLOCK_ENABLE_INPUT_B               ; NORMAL                             ; Untyped        ;
; CLOCK_ENABLE_OUTPUT_A              ; NORMAL                             ; Untyped        ;
; CLOCK_ENABLE_OUTPUT_B              ; NORMAL                             ; Untyped        ;
; CLOCK_ENABLE_CORE_A                ; USE_INPUT_CLKEN                    ; Untyped        ;
; CLOCK_ENABLE_CORE_B                ; USE_INPUT_CLKEN                    ; Untyped        ;
; ENABLE_ECC                         ; FALSE                              ; Untyped        ;
; ECC_PIPELINE_STAGE_ENABLED         ; FALSE                              ; Untyped        ;
; WIDTH_ECCSTATUS                    ; 3                                  ; Untyped        ;
; DEVICE_FAMILY                      ; Cyclone II                         ; Untyped        ;
; CBXI_PARAMETER                     ; altsyncram_3i01                    ; Untyped        ;
+------------------------------------+------------------------------------+----------------+
Note: In order to hide this table in the UI and the text report file, please set the "Show Parameter Settings in Synthesis Report" option in "Analysis and Synthesis Settings -> More Settings" to "Off".


+------------------------------------------------------------------------------------------+
; Parameter Settings for Inferred Entity Instance: LUT:LUT_x2|altsyncram:WideOr6_rtl_0     ;
+------------------------------------+------------------------------------+----------------+
; Parameter Name                     ; Value                              ; Type           ;
+------------------------------------+------------------------------------+----------------+
; BYTE_SIZE_BLOCK                    ; 8                                  ; Untyped        ;
; AUTO_CARRY_CHAINS                  ; ON                                 ; AUTO_CARRY     ;
; IGNORE_CARRY_BUFFERS               ; OFF                                ; IGNORE_CARRY   ;
; AUTO_CASCADE_CHAINS                ; ON                                 ; AUTO_CASCADE   ;
; IGNORE_CASCADE_BUFFERS             ; OFF                                ; IGNORE_CASCADE ;
; WIDTH_BYTEENA                      ; 1                                  ; Untyped        ;
; OPERATION_MODE                     ; ROM                                ; Untyped        ;
; WIDTH_A                            ; 7                                  ; Untyped        ;
; WIDTHAD_A                          ; 8                                  ; Untyped        ;
; NUMWORDS_A                         ; 256                                ; Untyped        ;
; OUTDATA_REG_A                      ; UNREGISTERED                       ; Untyped        ;
; ADDRESS_ACLR_A                     ; NONE                               ; Untyped        ;
; OUTDATA_ACLR_A                     ; NONE                               ; Untyped        ;
; WRCONTROL_ACLR_A                   ; NONE                               ; Untyped        ;
; INDATA_ACLR_A                      ; NONE                               ; Untyped        ;
; BYTEENA_ACLR_A                     ; NONE                               ; Untyped        ;
; WIDTH_B                            ; 1                                  ; Untyped        ;
; WIDTHAD_B                          ; 1                                  ; Untyped        ;
; NUMWORDS_B                         ; 1                                  ; Untyped        ;
; INDATA_REG_B                       ; CLOCK1                             ; Untyped        ;
; WRCONTROL_WRADDRESS_REG_B          ; CLOCK1                             ; Untyped        ;
; RDCONTROL_REG_B                    ; CLOCK1                             ; Untyped        ;
; ADDRESS_REG_B                      ; CLOCK1                             ; Untyped        ;
; OUTDATA_REG_B                      ; UNREGISTERED                       ; Untyped        ;
; BYTEENA_REG_B                      ; CLOCK1                             ; Untyped        ;
; INDATA_ACLR_B                      ; NONE                               ; Untyped        ;
; WRCONTROL_ACLR_B                   ; NONE                               ; Untyped        ;
; ADDRESS_ACLR_B                     ; NONE                               ; Untyped        ;
; OUTDATA_ACLR_B                     ; NONE                               ; Untyped        ;
; RDCONTROL_ACLR_B                   ; NONE                               ; Untyped        ;
; BYTEENA_ACLR_B                     ; NONE                               ; Untyped        ;
; WIDTH_BYTEENA_A                    ; 1                                  ; Untyped        ;
; WIDTH_BYTEENA_B                    ; 1                                  ; Untyped        ;
; RAM_BLOCK_TYPE                     ; AUTO                               ; Untyped        ;
; BYTE_SIZE                          ; 8                                  ; Untyped        ;
; READ_DURING_WRITE_MODE_MIXED_PORTS ; DONT_CARE                          ; Untyped        ;
; READ_DURING_WRITE_MODE_PORT_A      ; NEW_DATA_NO_NBE_READ               ; Untyped        ;
; READ_DURING_WRITE_MODE_PORT_B      ; NEW_DATA_NO_NBE_READ               ; Untyped        ;
; INIT_FILE                          ; LUT_toplevel.LUT_toplevel2.rtl.mif ; Untyped        ;
; INIT_FILE_LAYOUT                   ; PORT_A                             ; Untyped        ;
; MAXIMUM_DEPTH                      ; 0                                  ; Untyped        ;
; CLOCK_ENABLE_INPUT_A               ; NORMAL                             ; Untyped        ;
; CLOCK_ENABLE_INPUT_B               ; NORMAL                             ; Untyped        ;
; CLOCK_ENABLE_OUTPUT_A              ; NORMAL                             ; Untyped        ;
; CLOCK_ENABLE_OUTPUT_B              ; NORMAL                             ; Untyped        ;
; CLOCK_ENABLE_CORE_A                ; USE_INPUT_CLKEN                    ; Untyped        ;
; CLOCK_ENABLE_CORE_B                ; USE_INPUT_CLKEN                    ; Untyped        ;
; ENABLE_ECC                         ; FALSE                              ; Untyped        ;
; ECC_PIPELINE_STAGE_ENABLED         ; FALSE                              ; Untyped        ;
; WIDTH_ECCSTATUS                    ; 3                                  ; Untyped        ;
; DEVICE_FAMILY                      ; Cyclone II                         ; Untyped        ;
; CBXI_PARAMETER                     ; altsyncram_4i01                    ; Untyped        ;
+------------------------------------+------------------------------------+----------------+
Note: In order to hide this table in the UI and the text report file, please set the "Show Parameter Settings in Synthesis Report" option in "Analysis and Synthesis Settings -> More Settings" to "Off".


+------------------------------------------------------------------------------------------+
; Parameter Settings for Inferred Entity Instance: LUT:LUT_x1|altsyncram:WideOr6_rtl_0     ;
+------------------------------------+------------------------------------+----------------+
; Parameter Name                     ; Value                              ; Type           ;
+------------------------------------+------------------------------------+----------------+
; BYTE_SIZE_BLOCK                    ; 8                                  ; Untyped        ;
; AUTO_CARRY_CHAINS                  ; ON                                 ; AUTO_CARRY     ;
; IGNORE_CARRY_BUFFERS               ; OFF                                ; IGNORE_CARRY   ;
; AUTO_CASCADE_CHAINS                ; ON                                 ; AUTO_CASCADE   ;
; IGNORE_CASCADE_BUFFERS             ; OFF                                ; IGNORE_CASCADE ;
; WIDTH_BYTEENA                      ; 1                                  ; Untyped        ;
; OPERATION_MODE                     ; ROM                                ; Untyped        ;
; WIDTH_A                            ; 7                                  ; Untyped        ;
; WIDTHAD_A                          ; 8                                  ; Untyped        ;
; NUMWORDS_A                         ; 256                                ; Untyped        ;
; OUTDATA_REG_A                      ; UNREGISTERED                       ; Untyped        ;
; ADDRESS_ACLR_A                     ; NONE                               ; Untyped        ;
; OUTDATA_ACLR_A                     ; NONE                               ; Untyped        ;
; WRCONTROL_ACLR_A                   ; NONE                               ; Untyped        ;
; INDATA_ACLR_A                      ; NONE                               ; Untyped        ;
; BYTEENA_ACLR_A                     ; NONE                               ; Untyped        ;
; WIDTH_B                            ; 1                                  ; Untyped        ;
; WIDTHAD_B                          ; 1                                  ; Untyped        ;
; NUMWORDS_B                         ; 1                                  ; Untyped        ;
; INDATA_REG_B                       ; CLOCK1                             ; Untyped        ;
; WRCONTROL_WRADDRESS_REG_B          ; CLOCK1                             ; Untyped        ;
; RDCONTROL_REG_B                    ; CLOCK1                             ; Untyped        ;
; ADDRESS_REG_B                      ; CLOCK1                             ; Untyped        ;
; OUTDATA_REG_B                      ; UNREGISTERED                       ; Untyped        ;
; BYTEENA_REG_B                      ; CLOCK1                             ; Untyped        ;
; INDATA_ACLR_B                      ; NONE                               ; Untyped        ;
; WRCONTROL_ACLR_B                   ; NONE                               ; Untyped        ;
; ADDRESS_ACLR_B                     ; NONE                               ; Untyped        ;
; OUTDATA_ACLR_B                     ; NONE                               ; Untyped        ;
; RDCONTROL_ACLR_B                   ; NONE                               ; Untyped        ;
; BYTEENA_ACLR_B                     ; NONE                               ; Untyped        ;
; WIDTH_BYTEENA_A                    ; 1                                  ; Untyped        ;
; WIDTH_BYTEENA_B                    ; 1                                  ; Untyped        ;
; RAM_BLOCK_TYPE                     ; AUTO                               ; Untyped        ;
; BYTE_SIZE                          ; 8                                  ; Untyped        ;
; READ_DURING_WRITE_MODE_MIXED_PORTS ; DONT_CARE                          ; Untyped        ;
; READ_DURING_WRITE_MODE_PORT_A      ; NEW_DATA_NO_NBE_READ               ; Untyped        ;
; READ_DURING_WRITE_MODE_PORT_B      ; NEW_DATA_NO_NBE_READ               ; Untyped        ;
; INIT_FILE                          ; LUT_toplevel.LUT_toplevel3.rtl.mif ; Untyped        ;
; INIT_FILE_LAYOUT                   ; PORT_A                             ; Untyped        ;
; MAXIMUM_DEPTH                      ; 0                                  ; Untyped        ;
; CLOCK_ENABLE_INPUT_A               ; NORMAL                             ; Untyped        ;
; CLOCK_ENABLE_INPUT_B               ; NORMAL                             ; Untyped        ;
; CLOCK_ENABLE_OUTPUT_A              ; NORMAL                             ; Untyped        ;
; CLOCK_ENABLE_OUTPUT_B              ; NORMAL                             ; Untyped        ;
; CLOCK_ENABLE_CORE_A                ; USE_INPUT_CLKEN                    ; Untyped        ;
; CLOCK_ENABLE_CORE_B                ; USE_INPUT_CLKEN                    ; Untyped        ;
; ENABLE_ECC                         ; FALSE                              ; Untyped        ;
; ECC_PIPELINE_STAGE_ENABLED         ; FALSE                              ; Untyped        ;
; WIDTH_ECCSTATUS                    ; 3                                  ; Untyped        ;
; DEVICE_FAMILY                      ; Cyclone II                         ; Untyped        ;
; CBXI_PARAMETER                     ; altsyncram_5i01                    ; Untyped        ;
+------------------------------------+------------------------------------+----------------+
Note: In order to hide this table in the UI and the text report file, please set the "Show Parameter Settings in Synthesis Report" option in "Analysis and Synthesis Settings -> More Settings" to "Off".


+---------------------------------------------------------------------------------+
; altsyncram Parameter Settings by Entity Instance                                ;
+-------------------------------------------+-------------------------------------+
; Name                                      ; Value                               ;
+-------------------------------------------+-------------------------------------+
; Number of entity instances                ; 4                                   ;
; Entity Instance                           ; LUT:LUT_y2|altsyncram:WideOr6_rtl_0 ;
;     -- OPERATION_MODE                     ; ROM                                 ;
;     -- WIDTH_A                            ; 7                                   ;
;     -- NUMWORDS_A                         ; 256                                 ;
;     -- OUTDATA_REG_A                      ; UNREGISTERED                        ;
;     -- WIDTH_B                            ; 1                                   ;
;     -- NUMWORDS_B                         ; 1                                   ;
;     -- ADDRESS_REG_B                      ; CLOCK1                              ;
;     -- OUTDATA_REG_B                      ; UNREGISTERED                        ;
;     -- RAM_BLOCK_TYPE                     ; AUTO                                ;
;     -- READ_DURING_WRITE_MODE_MIXED_PORTS ; DONT_CARE                           ;
; Entity Instance                           ; LUT:LUT_y1|altsyncram:WideOr6_rtl_0 ;
;     -- OPERATION_MODE                     ; ROM                                 ;
;     -- WIDTH_A                            ; 7                                   ;
;     -- NUMWORDS_A                         ; 256                                 ;
;     -- OUTDATA_REG_A                      ; UNREGISTERED                        ;
;     -- WIDTH_B                            ; 1                                   ;
;     -- NUMWORDS_B                         ; 1                                   ;
;     -- ADDRESS_REG_B                      ; CLOCK1                              ;
;     -- OUTDATA_REG_B                      ; UNREGISTERED                        ;
;     -- RAM_BLOCK_TYPE                     ; AUTO                                ;
;     -- READ_DURING_WRITE_MODE_MIXED_PORTS ; DONT_CARE                           ;
; Entity Instance                           ; LUT:LUT_x2|altsyncram:WideOr6_rtl_0 ;
;     -- OPERATION_MODE                     ; ROM                                 ;
;     -- WIDTH_A                            ; 7                                   ;
;     -- NUMWORDS_A                         ; 256                                 ;
;     -- OUTDATA_REG_A                      ; UNREGISTERED                        ;
;     -- WIDTH_B                            ; 1                                   ;
;     -- NUMWORDS_B                         ; 1                                   ;
;     -- ADDRESS_REG_B                      ; CLOCK1                              ;
;     -- OUTDATA_REG_B                      ; UNREGISTERED                        ;
;     -- RAM_BLOCK_TYPE                     ; AUTO                                ;
;     -- READ_DURING_WRITE_MODE_MIXED_PORTS ; DONT_CARE                           ;
; Entity Instance                           ; LUT:LUT_x1|altsyncram:WideOr6_rtl_0 ;
;     -- OPERATION_MODE                     ; ROM                                 ;
;     -- WIDTH_A                            ; 7                                   ;
;     -- NUMWORDS_A                         ; 256                                 ;
;     -- OUTDATA_REG_A                      ; UNREGISTERED                        ;
;     -- WIDTH_B                            ; 1                                   ;
;     -- NUMWORDS_B                         ; 1                                   ;
;     -- ADDRESS_REG_B                      ; CLOCK1                              ;
;     -- OUTDATA_REG_B                      ; UNREGISTERED                        ;
;     -- RAM_BLOCK_TYPE                     ; AUTO                                ;
;     -- READ_DURING_WRITE_MODE_MIXED_PORTS ; DONT_CARE                           ;
+-------------------------------------------+-------------------------------------+


+-------------------------------+
; Elapsed Time Per Partition    ;
+----------------+--------------+
; Partition Name ; Elapsed Time ;
+----------------+--------------+
; Top            ; 00:00:03     ;
+----------------+--------------+


+-------------------------------+
; Analysis & Synthesis Messages ;
+-------------------------------+
Info: *******************************************************************
Info: Running Quartus II 64-Bit Analysis & Synthesis
    Info: Version 13.0.1 Build 232 06/12/2013 Service Pack 1 SJ Web Edition
    Info: Processing started: Fri Oct 30 20:29:35 2015
Info: Command: quartus_map --read_settings_files=on --write_settings_files=off LUT_toplevel -c LUT_toplevel
Warning (20028): Parallel compilation is not licensed and has been disabled
Info (12021): Found 1 design units, including 1 entities, in source file lut_toplevel.v
    Info (12023): Found entity 1: LUT_toplevel
Info (12021): Found 1 design units, including 1 entities, in source file lut.v
    Info (12023): Found entity 1: LUT
Info (12127): Elaborating entity "LUT_toplevel" for the top level hierarchy
Info (12128): Elaborating entity "LUT" for hierarchy "LUT:LUT_x1"
Info (19000): Inferred 4 megafunctions from design logic
    Info (276031): Inferred altsyncram megafunction from the following design logic: "LUT:LUT_y2|WideOr6_rtl_0"
        Info (286033): Parameter OPERATION_MODE set to ROM
        Info (286033): Parameter WIDTH_A set to 7
        Info (286033): Parameter WIDTHAD_A set to 8
        Info (286033): Parameter NUMWORDS_A set to 256
        Info (286033): Parameter OUTDATA_REG_A set to UNREGISTERED
        Info (286033): Parameter RAM_BLOCK_TYPE set to AUTO
        Info (286033): Parameter INIT_FILE set to LUT_toplevel.LUT_toplevel0.rtl.mif
    Info (276031): Inferred altsyncram megafunction from the following design logic: "LUT:LUT_y1|WideOr6_rtl_0"
        Info (286033): Parameter OPERATION_MODE set to ROM
        Info (286033): Parameter WIDTH_A set to 7
        Info (286033): Parameter WIDTHAD_A set to 8
        Info (286033): Parameter NUMWORDS_A set to 256
        Info (286033): Parameter OUTDATA_REG_A set to UNREGISTERED
        Info (286033): Parameter RAM_BLOCK_TYPE set to AUTO
        Info (286033): Parameter INIT_FILE set to LUT_toplevel.LUT_toplevel1.rtl.mif
    Info (276031): Inferred altsyncram megafunction from the following design logic: "LUT:LUT_x2|WideOr6_rtl_0"
        Info (286033): Parameter OPERATION_MODE set to ROM
        Info (286033): Parameter WIDTH_A set to 7
        Info (286033): Parameter WIDTHAD_A set to 8
        Info (286033): Parameter NUMWORDS_A set to 256
        Info (286033): Parameter OUTDATA_REG_A set to UNREGISTERED
        Info (286033): Parameter RAM_BLOCK_TYPE set to AUTO
        Info (286033): Parameter INIT_FILE set to LUT_toplevel.LUT_toplevel2.rtl.mif
    Info (276031): Inferred altsyncram megafunction from the following design logic: "LUT:LUT_x1|WideOr6_rtl_0"
        Info (286033): Parameter OPERATION_MODE set to ROM
        Info (286033): Parameter WIDTH_A set to 7
        Info (286033): Parameter WIDTHAD_A set to 8
        Info (286033): Parameter NUMWORDS_A set to 256
        Info (286033): Parameter OUTDATA_REG_A set to UNREGISTERED
        Info (286033): Parameter RAM_BLOCK_TYPE set to AUTO
        Info (286033): Parameter INIT_FILE set to LUT_toplevel.LUT_toplevel3.rtl.mif
Info (12130): Elaborated megafunction instantiation "LUT:LUT_y2|altsyncram:WideOr6_rtl_0"
Info (12133): Instantiated megafunction "LUT:LUT_y2|altsyncram:WideOr6_rtl_0" with the following parameter:
    Info (12134): Parameter "OPERATION_MODE" = "ROM"
    Info (12134): Parameter "WIDTH_A" = "7"
    Info (12134): Parameter "WIDTHAD_A" = "8"
    Info (12134): Parameter "NUMWORDS_A" = "256"
    Info (12134): Parameter "OUTDATA_REG_A" = "UNREGISTERED"
    Info (12134): Parameter "RAM_BLOCK_TYPE" = "AUTO"
    Info (12134): Parameter "INIT_FILE" = "LUT_toplevel.LUT_toplevel0.rtl.mif"
Info (12021): Found 1 design units, including 1 entities, in source file db/altsyncram_2i01.tdf
    Info (12023): Found entity 1: altsyncram_2i01
Info (12130): Elaborated megafunction instantiation "LUT:LUT_y1|altsyncram:WideOr6_rtl_0"
Info (12133): Instantiated megafunction "LUT:LUT_y1|altsyncram:WideOr6_rtl_0" with the following parameter:
    Info (12134): Parameter "OPERATION_MODE" = "ROM"
    Info (12134): Parameter "WIDTH_A" = "7"
    Info (12134): Parameter "WIDTHAD_A" = "8"
    Info (12134): Parameter "NUMWORDS_A" = "256"
    Info (12134): Parameter "OUTDATA_REG_A" = "UNREGISTERED"
    Info (12134): Parameter "RAM_BLOCK_TYPE" = "AUTO"
    Info (12134): Parameter "INIT_FILE" = "LUT_toplevel.LUT_toplevel1.rtl.mif"
Info (12021): Found 1 design units, including 1 entities, in source file db/altsyncram_3i01.tdf
    Info (12023): Found entity 1: altsyncram_3i01
Info (12130): Elaborated megafunction instantiation "LUT:LUT_x2|altsyncram:WideOr6_rtl_0"
Info (12133): Instantiated megafunction "LUT:LUT_x2|altsyncram:WideOr6_rtl_0" with the following parameter:
    Info (12134): Parameter "OPERATION_MODE" = "ROM"
    Info (12134): Parameter "WIDTH_A" = "7"
    Info (12134): Parameter "WIDTHAD_A" = "8"
    Info (12134): Parameter "NUMWORDS_A" = "256"
    Info (12134): Parameter "OUTDATA_REG_A" = "UNREGISTERED"
    Info (12134): Parameter "RAM_BLOCK_TYPE" = "AUTO"
    Info (12134): Parameter "INIT_FILE" = "LUT_toplevel.LUT_toplevel2.rtl.mif"
Info (12021): Found 1 design units, including 1 entities, in source file db/altsyncram_4i01.tdf
    Info (12023): Found entity 1: altsyncram_4i01
Info (12130): Elaborated megafunction instantiation "LUT:LUT_x1|altsyncram:WideOr6_rtl_0"
Info (12133): Instantiated megafunction "LUT:LUT_x1|altsyncram:WideOr6_rtl_0" with the following parameter:
    Info (12134): Parameter "OPERATION_MODE" = "ROM"
    Info (12134): Parameter "WIDTH_A" = "7"
    Info (12134): Parameter "WIDTHAD_A" = "8"
    Info (12134): Parameter "NUMWORDS_A" = "256"
    Info (12134): Parameter "OUTDATA_REG_A" = "UNREGISTERED"
    Info (12134): Parameter "RAM_BLOCK_TYPE" = "AUTO"
    Info (12134): Parameter "INIT_FILE" = "LUT_toplevel.LUT_toplevel3.rtl.mif"
Info (12021): Found 1 design units, including 1 entities, in source file db/altsyncram_5i01.tdf
    Info (12023): Found entity 1: altsyncram_5i01
Info (16010): Generating hard_block partition "hard_block:auto_generated_inst"
    Info (16011): Adding 0 node(s), including 0 DDIO, 0 PLL, 0 transceiver and 0 LCELL
Info (21057): Implemented 221 device resources after synthesis - the final resource count might be different
    Info (21058): Implemented 33 input pins
    Info (21059): Implemented 9 output pins
    Info (21061): Implemented 151 logic cells
    Info (21064): Implemented 28 RAM segments
Info: Quartus II 64-Bit Analysis & Synthesis was successful. 0 errors, 1 warning
    Info: Peak virtual memory: 466 megabytes
    Info: Processing ended: Fri Oct 30 20:29:41 2015
    Info: Elapsed time: 00:00:06
    Info: Total CPU time (on all processors): 00:00:02


